Symlinking /home/robot/catkin_ws/devel/include/lightrover_ros/Wrc201MsgResponse.h
Symlinking /home/robot/catkin_ws/devel/include/lightrover_ros/Wrc201MsgRequest.h
Symlinking /home/robot/catkin_ws/devel/include/lightrover_ros/Wrc201Msg.h
Symlinking /home/robot/catkin_ws/devel/lib/pkgconfig/lightrover_ros.pc
Symlinking /home/robot/catkin_ws/devel/lib/python3/dist-packages/lightrover_ros/__init__.py
Symlinking /home/robot/catkin_ws/devel/lib/python3/dist-packages/lightrover_ros/srv/_Wrc201Msg.py
Symlinking /home/robot/catkin_ws/devel/lib/python3/dist-packages/lightrover_ros/srv/__init__.py
Symlinking /home/robot/catkin_ws/devel/share/roseus/ros/lightrover_ros/manifest.l
Symlinking /home/robot/catkin_ws/devel/share/roseus/ros/lightrover_ros/srv/Wrc201Msg.l
Symlinking /home/robot/catkin_ws/devel/share/common-lisp/ros/lightrover_ros/srv/_package.lisp
Symlinking /home/robot/catkin_ws/devel/share/common-lisp/ros/lightrover_ros/srv/_package_Wrc201Msg.lisp
Symlinking /home/robot/catkin_ws/devel/share/common-lisp/ros/lightrover_ros/srv/Wrc201Msg.lisp
Symlinking /home/robot/catkin_ws/devel/share/common-lisp/ros/lightrover_ros/srv/lightrover_ros-srv.asd
Symlinking /home/robot/catkin_ws/devel/share/gennodejs/ros/lightrover_ros/_index.js
Symlinking /home/robot/catkin_ws/devel/share/gennodejs/ros/lightrover_ros/srv/Wrc201Msg.js
Symlinking /home/robot/catkin_ws/devel/share/gennodejs/ros/lightrover_ros/srv/_index.js
Symlinking /home/robot/catkin_ws/devel/share/lightrover_ros/cmake/lightrover_rosConfig-version.cmake
Symlinking /home/robot/catkin_ws/devel/share/lightrover_ros/cmake/lightrover_ros-msg-extras.cmake
Symlinking /home/robot/catkin_ws/devel/share/lightrover_ros/cmake/lightrover_rosConfig.cmake
Symlinking /home/robot/catkin_ws/devel/share/lightrover_ros/cmake/lightrover_ros-msg-paths.cmake
