[35m[1mScanning dependencies of target std_msgs_generate_messages_nodejs[0m
[35m[1mScanning dependencies of target std_msgs_generate_messages_lisp[0m
[35m[1mScanning dependencies of target _lightrover_ros_generate_messages_check_deps_Wrc201Msg[0m
[35m[1mScanning dependencies of target std_msgs_generate_messages_py[0m
[  0%] Built target std_msgs_generate_messages_nodejs
[  0%] Built target std_msgs_generate_messages_lisp
[  0%] Built target std_msgs_generate_messages_py
[35m[1mScanning dependencies of target std_msgs_generate_messages_cpp[0m
[35m[1mScanning dependencies of target std_msgs_generate_messages_eus[0m
[  0%] Built target std_msgs_generate_messages_cpp
[  0%] Built target std_msgs_generate_messages_eus
[  0%] Built target _lightrover_ros_generate_messages_check_deps_Wrc201Msg
[35m[1mScanning dependencies of target lightrover_ros_generate_messages_py[0m
[35m[1mScanning dependencies of target lightrover_ros_generate_messages_nodejs[0m
[35m[1mScanning dependencies of target lightrover_ros_generate_messages_lisp[0m
[35m[1mScanning dependencies of target lightrover_ros_generate_messages_cpp[0m
[ 14%] [34m[1mGenerating Python code from SRV lightrover_ros/Wrc201Msg[0m
[ 28%] [34m[1mGenerating Lisp code from lightrover_ros/Wrc201Msg.srv[0m
[ 42%] [34m[1mGenerating C++ code from lightrover_ros/Wrc201Msg.srv[0m
[ 57%] [34m[1mGenerating Javascript code from lightrover_ros/Wrc201Msg.srv[0m
[ 57%] Built target lightrover_ros_generate_messages_lisp
[35m[1mScanning dependencies of target lightrover_ros_generate_messages_eus[0m
[ 57%] Built target lightrover_ros_generate_messages_nodejs
[ 71%] [34m[1mGenerating EusLisp manifest code for lightrover_ros[0m
[ 85%] [34m[1mGenerating EusLisp code from lightrover_ros/Wrc201Msg.srv[0m
[ 85%] Built target lightrover_ros_generate_messages_cpp
[100%] [34m[1mGenerating Python srv __init__.py for lightrover_ros[0m
[100%] Built target lightrover_ros_generate_messages_py
[100%] Built target lightrover_ros_generate_messages_eus
[35m[1mScanning dependencies of target lightrover_ros_generate_messages[0m
[100%] Built target lightrover_ros_generate_messages
